Base path: /Applications/Unity/Hub/Editor/2018.2.19f1/Unity.app/Contents
Cmd: initializeCompiler
Cmd: compileComputeKernel
  api=14 insize=1176 outsize=1357 ok=1
Cmd: compileComputeKernel
  api=14 insize=10881 outsize=10709 ok=1
Cmd: compileComputeKernel
  api=14 insize=10881 outsize=11453 ok=1
Cmd: translateComputeKernel
  api=14 insize=11453 outsize=22669 ok=1
Cmd: compileComputeKernel
  api=14 insize=4855 outsize=7329 ok=1
Cmd: translateComputeKernel
  api=14 insize=7329 outsize=11361 ok=1
Cmd: compileComputeKernel
  api=14 insize=18299 outsize=9397 ok=1
Cmd: compileComputeKernel
  api=14 insize=18299 outsize=9405 ok=1
Cmd: compileComputeKernel
  api=14 insize=18299 outsize=11489 ok=1
Cmd: translateComputeKernel
  api=14 insize=9637 outsize=16425 ok=1
Cmd: translateComputeKernel
  api=14 insize=9953 outsize=16845 ok=1
Cmd: translateComputeKernel
  api=14 insize=11489 outsize=24893 ok=1
Cmd: compileComputeKernel
  api=14 insize=1806 outsize=1145 ok=1
Cmd: compileComputeKernel
  api=14 insize=2044 outsize=1505 ok=1
Cmd: translateComputeKernel
  api=14 insize=1509 outsize=2273 ok=1

Quitting shader compiler process
